c:\users\gameuser\documents\project3-light\light\x64\release\vc141.pdb
c:\users\gameuser\documents\project3-light\light\x64\release\particles.obj
c:\users\gameuser\documents\project3-light\light\x64\release\optionsscreen.obj
c:\users\gameuser\documents\project3-light\light\x64\release\mainmenu.obj
c:\users\gameuser\documents\project3-light\light\x64\release\main.obj
c:\users\gameuser\documents\project3-light\light\x64\release\level3.obj
c:\users\gameuser\documents\project3-light\light\x64\release\level2.obj
c:\users\gameuser\documents\project3-light\light\x64\release\level1.obj
c:\users\gameuser\documents\project3-light\light\x64\release\label.obj
c:\users\gameuser\documents\project3-light\light\x64\release\key.obj
c:\users\gameuser\documents\project3-light\light\x64\release\gui.obj
c:\users\gameuser\documents\project3-light\light\x64\release\gameover.obj
c:\users\gameuser\documents\project3-light\light\x64\release\game.obj
c:\users\gameuser\documents\project3-light\light\x64\release\door.obj
c:\users\gameuser\documents\project3-light\light\x64\release\credits.obj
c:\users\gameuser\documents\project3-light\light\x64\release\crate.obj
c:\users\gameuser\documents\project3-light\light\x64\release\checkbox.obj
c:\users\gameuser\documents\project3-light\light\x64\release\button.obj
c:\users\gameuser\documents\project3-light\light\x64\release\block.obj
c:\users\gameuser\documents\project3-light\light\x64\release\battery.obj
c:\users\gameuser\documents\project3-light\light\x64\release\animation.obj
c:\users\gameuser\documents\project3-light\light\x64\release\xboxcontroller.obj
c:\users\gameuser\documents\project3-light\light\x64\release\widget.obj
c:\users\gameuser\documents\project3-light\light\x64\release\splashscreen.obj
c:\users\gameuser\documents\project3-light\light\x64\release\sphere.obj
c:\users\gameuser\documents\project3-light\light\x64\release\slider.obj
c:\users\gameuser\documents\project3-light\light\x64\release\resourcemanager.obj
c:\users\gameuser\documents\project3-light\light\x64\release\player.obj
c:\users\gameuser\documents\project3-light\light\x64\release\pause.obj
c:\users\gameuser\documents\project3-light\light\x64\release\light.lib
c:\users\gameuser\documents\project3-light\light\x64\release\light.exp
c:\users\gameuser\documents\project3-light\light\x64\release\light.ipdb
c:\users\gameuser\documents\project3-light\light\x64\release\light.iobj
c:\users\gameuser\documents\project3-light\light\x64\release\light.exe
c:\users\gameuser\documents\project3-light\light\x64\release\light.pdb
c:\users\gameuser\documents\project3-light\light\x64\release\light.tlog\cl.command.1.tlog
c:\users\gameuser\documents\project3-light\light\x64\release\light.tlog\cl.read.1.tlog
c:\users\gameuser\documents\project3-light\light\x64\release\light.tlog\cl.write.1.tlog
c:\users\gameuser\documents\project3-light\light\x64\release\light.tlog\light.write.1u.tlog
c:\users\gameuser\documents\project3-light\light\x64\release\light.tlog\link.command.1.tlog
c:\users\gameuser\documents\project3-light\light\x64\release\light.tlog\link.read.1.tlog
c:\users\gameuser\documents\project3-light\light\x64\release\light.tlog\link.write.1.tlog
